# JRE version: Java(TM) SE Runtime Environment (8.0_144-b01) (build 1.8.0_144-b01)
# Java VM: Java HotSpot(TM) Client VM (25.144-b01 mixed mode, sharing windows-x86 )
Heap:
 def new generation   total 4928K, used 3648K [0x04800000, 0x04d50000, 0x09d50000)
  eden space 4416K,  71% used [0x04800000, 0x04b100e0, 0x04c50000)
  from space 512K, 100% used [0x04c50000, 0x04cd0000, 0x04cd0000)
  to   space 512K,   0% used [0x04cd0000, 0x04cd0000, 0x04d50000)
 tenured generation   total 10944K, used 9623K [0x09d50000, 0x0a800000, 0x14800000)
   the space 10944K,  87% used [0x09d50000, 0x0a6b5f58, 0x0a6b6000, 0x0a800000)
 Metaspace       used 3341K, capacity 4207K, committed 4288K, reserved 4480K
GC Heap History (10 events):
Event: 1.427 GC heap before
{Heap before GC invocations=1 (full 0):
 def new generation   total 4928K, used 4928K [0x04800000, 0x04d50000, 0x09d50000)
  eden space 4416K, 100% used [0x04800000, 0x04c50000, 0x04c50000)
  from space 512K, 100% used [0x04cd0000, 0x04d50000, 0x04d50000)
  to   space 512K,   0% used [0x04c50000, 0x04c50000, 0x04cd0000)
 tenured generation   total 10944K, used 1013K [0x09d50000, 0x0a800000, 0x14800000)
   the space 10944K,   9% used [0x09d50000, 0x09e4d618, 0x09e4d800, 0x0a800000)
 Metaspace       used 1868K, capacity 3279K, committed 3392K, reserved 4480K
Event: 1.433 GC heap after
Heap after GC invocations=2 (full 0):
 def new generation   total 4928K, used 512K [0x04800000, 0x04d50000, 0x09d50000)
  eden space 4416K,   0% used [0x04800000, 0x04800000, 0x04c50000)
  from space 512K, 100% used [0x04c50000, 0x04cd0000, 0x04cd0000)
  to   space 512K,   0% used [0x04cd0000, 0x04cd0000, 0x04d50000)
 tenured generation   total 10944K, used 2365K [0x09d50000, 0x0a800000, 0x14800000)
   the space 10944K,  21% used [0x09d50000, 0x09f9f6c0, 0x09f9f800, 0x0a800000)
 Metaspace       used 1868K, capacity 3279K, committed 3392K, reserved 4480K
}
Event: 1.742 GC heap before
{Heap before GC invocations=2 (full 0):
 def new generation   total 4928K, used 3987K [0x04800000, 0x04d50000, 0x09d50000)
  eden space 4416K,  78% used [0x04800000, 0x04b64e38, 0x04c50000)
  from space 512K, 100% used [0x04c50000, 0x04cd0000, 0x04cd0000)
  to   space 512K,   0% used [0x04cd0000, 0x04cd0000, 0x04d50000)
 tenured generation   total 10944K, used 2365K [0x09d50000, 0x0a800000, 0x14800000)
   the space 10944K,  21% used [0x09d50000, 0x09f9f6c0, 0x09f9f800, 0x0a800000)
 Metaspace       used 2424K, capacity 3759K, committed 3776K, reserved 4480K
Event: 1.747 GC heap after
Heap after GC invocations=3 (full 0):
 def new generation   total 4928K, used 512K [0x04800000, 0x04d50000, 0x09d50000)
  eden space 4416K,   0% used [0x04800000, 0x04800000, 0x04c50000)
  from space 512K, 100% used [0x04cd0000, 0x04d50000, 0x04d50000)
  to   space 512K,   0% used [0x04c50000, 0x04c50000, 0x04cd0000)
 tenured generation   total 10944K, used 3249K [0x09d50000, 0x0a800000, 0x14800000)
   the space 10944K,  29% used [0x09d50000, 0x0a07c5a0, 0x0a07c600, 0x0a800000)
 Metaspace       used 2424K, capacity 3759K, committed 3776K, reserved 4480K
}
Event: 1.856 GC heap before
{Heap before GC invocations=3 (full 0):
 def new generation   total 4928K, used 4928K [0x04800000, 0x04d50000, 0x09d50000)
  eden space 4416K, 100% used [0x04800000, 0x04c50000, 0x04c50000)
  from space 512K, 100% used [0x04cd0000, 0x04d50000, 0x04d50000)
  to   space 512K,   0% used [0x04c50000, 0x04c50000, 0x04cd0000)
 tenured generation   total 10944K, used 3249K [0x09d50000, 0x0a800000, 0x14800000)
   the space 10944K,  29% used [0x09d50000, 0x0a07c5a0, 0x0a07c600, 0x0a800000)
 Metaspace       used 2536K, capacity 3759K, committed 3776K, reserved 4480K
Event: 1.862 GC heap after
Heap after GC invocations=4 (full 0):
 def new generation   total 4928K, used 78K [0x04800000, 0x04d50000, 0x09d50000)
  eden space 4416K,   0% used [0x04800000, 0x04800000, 0x04c50000)
  from space 512K,  15% used [0x04c50000, 0x04c63bd8, 0x04cd0000)
  to   space 512K,   0% used [0x04cd0000, 0x04cd0000, 0x04d50000)
 tenured generation   total 10944K, used 7472K [0x09d50000, 0x0a800000, 0x14800000)
   the space 10944K,  68% used [0x09d50000, 0x0a49c3f8, 0x0a49c400, 0x0a800000)
 Metaspace       used 2536K, capacity 3759K, committed 3776K, reserved 4480K
}
Event: 1.975 GC heap before
{Heap before GC invocations=4 (full 0):
 def new generation   total 4928K, used 4494K [0x04800000, 0x04d50000, 0x09d50000)
  eden space 4416K, 100% used [0x04800000, 0x04c50000, 0x04c50000)
  from space 512K,  15% used [0x04c50000, 0x04c63bd8, 0x04cd0000)
  to   space 512K,   0% used [0x04cd0000, 0x04cd0000, 0x04d50000)
 tenured generation   total 10944K, used 7472K [0x09d50000, 0x0a800000, 0x14800000)
   the space 10944K,  68% used [0x09d50000, 0x0a49c3f8, 0x0a49c400, 0x0a800000)
 Metaspace       used 2765K, capacity 3951K, committed 4032K, reserved 4480K
Event: 1.978 GC heap after
Heap after GC invocations=5 (full 0):
 def new generation   total 4928K, used 404K [0x04800000, 0x04d50000, 0x09d50000)
  eden space 4416K,   0% used [0x04800000, 0x04800000, 0x04c50000)
  from space 512K,  79% used [0x04cd0000, 0x04d35230, 0x04d50000)
  to   space 512K,   0% used [0x04c50000, 0x04c50000, 0x04cd0000)
 tenured generation   total 10944K, used 9300K [0x09d50000, 0x0a800000, 0x14800000)
   the space 10944K,  84% used [0x09d50000, 0x0a665368, 0x0a665400, 0x0a800000)
 Metaspace       used 2765K, capacity 3951K, committed 4032K, reserved 4480K
}
Event: 4.983 GC heap before
{Heap before GC invocations=5 (full 0):
 def new generation   total 4928K, used 4820K [0x04800000, 0x04d50000, 0x09d50000)
  eden space 4416K, 100% used [0x04800000, 0x04c50000, 0x04c50000)
  from space 512K,  79% used [0x04cd0000, 0x04d35230, 0x04d50000)
  to   space 512K,   0% used [0x04c50000, 0x04c50000, 0x04cd0000)
 tenured generation   total 10944K, used 9300K [0x09d50000, 0x0a800000, 0x14800000)
   the space 10944K,  84% used [0x09d50000, 0x0a665368, 0x0a665400, 0x0a800000)
 Metaspace       used 3251K, capacity 4207K, committed 4288K, reserved 4480K
Event: 4.989 GC heap after
Heap after GC invocations=6 (full 0):
 def new generation   total 4928K, used 512K [0x04800000, 0x04d50000, 0x09d50000)
  eden space 4416K,   0% used [0x04800000, 0x04800000, 0x04c50000)
  from space 512K, 100% used [0x04c50000, 0x04cd0000, 0x04cd0000)
  to   space 512K,   0% used [0x04cd0000, 0x04cd0000, 0x04d50000)
 tenured generation   total 10944K, used 9623K [0x09d50000, 0x0a800000, 0x14800000)
   the space 10944K,  87% used [0x09d50000, 0x0a6b5f58, 0x0a6b6000, 0x0a800000)
 Metaspace       used 3251K, capacity 4207K, committed 4288K, reserved 4480K
}

