# JRE version: Java(TM) SE Runtime Environment (8.0_144-b01) (build 1.8.0_144-b01)
# Java VM: Java HotSpot(TM) Client VM (25.144-b01 mixed mode windows-x86 )
Heap:
 def new generation   total 4928K, used 1419K [0x04a00000, 0x04f50000, 0x09f50000)
  eden space 4416K,  20% used [0x04a00000, 0x04ae2cb8, 0x04e50000)
  from space 512K, 100% used [0x04e50000, 0x04ed0000, 0x04ed0000)
  to   space 512K,   0% used [0x04ed0000, 0x04ed0000, 0x04f50000)
 tenured generation   total 10944K, used 8687K [0x09f50000, 0x0aa00000, 0x14a00000)
   the space 10944K,  79% used [0x09f50000, 0x0a7cbca8, 0x0a7cbe00, 0x0aa00000)
 Metaspace       used 10478K, capacity 10679K, committed 10752K, reserved 11648K
GC Heap History (10 events):
Event: 2.912 GC heap before
{Heap before GC invocations=1 (full 0):
 def new generation   total 4928K, used 4928K [0x04a00000, 0x04f50000, 0x09f50000)
  eden space 4416K, 100% used [0x04a00000, 0x04e50000, 0x04e50000)
  from space 512K, 100% used [0x04ed0000, 0x04f50000, 0x04f50000)
  to   space 512K,   0% used [0x04e50000, 0x04e50000, 0x04ed0000)
 tenured generation   total 10944K, used 998K [0x09f50000, 0x0aa00000, 0x14a00000)
   the space 10944K,   9% used [0x09f50000, 0x0a049978, 0x0a049a00, 0x0aa00000)
 Metaspace       used 8560K, capacity 8759K, committed 8832K, reserved 9600K
Event: 2.923 GC heap after
Heap after GC invocations=2 (full 0):
 def new generation   total 4928K, used 512K [0x04a00000, 0x04f50000, 0x09f50000)
  eden space 4416K,   0% used [0x04a00000, 0x04a00000, 0x04e50000)
  from space 512K, 100% used [0x04e50000, 0x04ed0000, 0x04ed0000)
  to   space 512K,   0% used [0x04ed0000, 0x04ed0000, 0x04f50000)
 tenured generation   total 10944K, used 2339K [0x09f50000, 0x0aa00000, 0x14a00000)
   the space 10944K,  21% used [0x09f50000, 0x0a198c58, 0x0a198e00, 0x0aa00000)
 Metaspace       used 8560K, capacity 8759K, committed 8832K, reserved 9600K
}
Event: 3.887 GC heap before
{Heap before GC invocations=2 (full 0):
 def new generation   total 4928K, used 3716K [0x04a00000, 0x04f50000, 0x09f50000)
  eden space 4416K,  72% used [0x04a00000, 0x04d210d8, 0x04e50000)
  from space 512K, 100% used [0x04e50000, 0x04ed0000, 0x04ed0000)
  to   space 512K,   0% used [0x04ed0000, 0x04ed0000, 0x04f50000)
 tenured generation   total 10944K, used 2339K [0x09f50000, 0x0aa00000, 0x14a00000)
   the space 10944K,  21% used [0x09f50000, 0x0a198c58, 0x0a198e00, 0x0aa00000)
 Metaspace       used 9316K, capacity 9527K, committed 9600K, reserved 9600K
Event: 3.894 GC heap after
Heap after GC invocations=3 (full 0):
 def new generation   total 4928K, used 512K [0x04a00000, 0x04f50000, 0x09f50000)
  eden space 4416K,   0% used [0x04a00000, 0x04a00000, 0x04e50000)
  from space 512K, 100% used [0x04ed0000, 0x04f50000, 0x04f50000)
  to   space 512K,   0% used [0x04e50000, 0x04e50000, 0x04ed0000)
 tenured generation   total 10944K, used 3140K [0x09f50000, 0x0aa00000, 0x14a00000)
   the space 10944K,  28% used [0x09f50000, 0x0a261248, 0x0a261400, 0x0aa00000)
 Metaspace       used 9316K, capacity 9527K, committed 9600K, reserved 9600K
}
Event: 4.056 GC heap before
{Heap before GC invocations=3 (full 0):
 def new generation   total 4928K, used 3639K [0x04a00000, 0x04f50000, 0x09f50000)
  eden space 4416K,  70% used [0x04a00000, 0x04d0dfb8, 0x04e50000)
  from space 512K, 100% used [0x04ed0000, 0x04f50000, 0x04f50000)
  to   space 512K,   0% used [0x04e50000, 0x04e50000, 0x04ed0000)
 tenured generation   total 10944K, used 3140K [0x09f50000, 0x0aa00000, 0x14a00000)
   the space 10944K,  28% used [0x09f50000, 0x0a261248, 0x0a261400, 0x0aa00000)
 Metaspace       used 9367K, capacity 9591K, committed 9728K, reserved 10624K
Event: 4.062 GC heap after
Heap after GC invocations=4 (full 0):
 def new generation   total 4928K, used 6K [0x04a00000, 0x04f50000, 0x09f50000)
  eden space 4416K,   0% used [0x04a00000, 0x04a00000, 0x04e50000)
  from space 512K,   1% used [0x04e50000, 0x04e51b58, 0x04ed0000)
  to   space 512K,   0% used [0x04ed0000, 0x04ed0000, 0x04f50000)
 tenured generation   total 10944K, used 6496K [0x09f50000, 0x0aa00000, 0x14a00000)
   the space 10944K,  59% used [0x09f50000, 0x0a5a8210, 0x0a5a8400, 0x0aa00000)
 Metaspace       used 9367K, capacity 9591K, committed 9728K, reserved 10624K
}
Event: 4.715 GC heap before
{Heap before GC invocations=4 (full 0):
 def new generation   total 4928K, used 4422K [0x04a00000, 0x04f50000, 0x09f50000)
  eden space 4416K, 100% used [0x04a00000, 0x04e50000, 0x04e50000)
  from space 512K,   1% used [0x04e50000, 0x04e51b58, 0x04ed0000)
  to   space 512K,   0% used [0x04ed0000, 0x04ed0000, 0x04f50000)
 tenured generation   total 10944K, used 6496K [0x09f50000, 0x0aa00000, 0x14a00000)
   the space 10944K,  59% used [0x09f50000, 0x0a5a8210, 0x0a5a8400, 0x0aa00000)
 Metaspace       used 9799K, capacity 10007K, committed 10112K, reserved 10624K
Event: 4.722 GC heap after
Heap after GC invocations=5 (full 0):
 def new generation   total 4928K, used 396K [0x04a00000, 0x04f50000, 0x09f50000)
  eden space 4416K,   0% used [0x04a00000, 0x04a00000, 0x04e50000)
  from space 512K,  77% used [0x04ed0000, 0x04f333b0, 0x04f50000)
  to   space 512K,   0% used [0x04e50000, 0x04e50000, 0x04ed0000)
 tenured generation   total 10944K, used 8324K [0x09f50000, 0x0aa00000, 0x14a00000)
   the space 10944K,  76% used [0x09f50000, 0x0a771180, 0x0a771200, 0x0aa00000)
 Metaspace       used 9799K, capacity 10007K, committed 10112K, reserved 10624K
}
Event: 11.359 GC heap before
{Heap before GC invocations=5 (full 0):
 def new generation   total 4928K, used 4812K [0x04a00000, 0x04f50000, 0x09f50000)
  eden space 4416K, 100% used [0x04a00000, 0x04e50000, 0x04e50000)
  from space 512K,  77% used [0x04ed0000, 0x04f333b0, 0x04f50000)
  to   space 512K,   0% used [0x04e50000, 0x04e50000, 0x04ed0000)
 tenured generation   total 10944K, used 8324K [0x09f50000, 0x0aa00000, 0x14a00000)
   the space 10944K,  76% used [0x09f50000, 0x0a771180, 0x0a771200, 0x0aa00000)
 Metaspace       used 10478K, capacity 10679K, committed 10752K, reserved 11648K
Event: 11.363 GC heap after
Heap after GC invocations=6 (full 0):
 def new generation   total 4928K, used 512K [0x04a00000, 0x04f50000, 0x09f50000)
  eden space 4416K,   0% used [0x04a00000, 0x04a00000, 0x04e50000)
  from space 512K, 100% used [0x04e50000, 0x04ed0000, 0x04ed0000)
  to   space 512K,   0% used [0x04ed0000, 0x04ed0000, 0x04f50000)
 tenured generation   total 10944K, used 8687K [0x09f50000, 0x0aa00000, 0x14a00000)
   the space 10944K,  79% used [0x09f50000, 0x0a7cbca8, 0x0a7cbe00, 0x0aa00000)
 Metaspace       used 10478K, capacity 10679K, committed 10752K, reserved 11648K
}

